<?xml version="1.0" encoding="UTF-8"?>
<!-- Generated by org.testng.reporters.JUnitReportReporter -->
<testsuite skipped="1" hostname="DESKTOP-LSOQG40" name="javapractise.ClassbinaryTest" tests="2" failures="0" timestamp="2020-02-26T12:26:18 EST" time="0.012" errors="0">
  <testcase name="f" time="0.012" classname="javapractise.ClassbinaryTest"/>
  <testcase name="f1" classname="javapractise.ClassbinaryTest">
    <skipped/>
  </testcase> <!-- f1 -->
</testsuite> <!-- javapractise.ClassbinaryTest -->
